0 info it worked if it ends with ok
1 verbose cli [ '/usr/bin/node', '/usr/bin/npm', 'install', 'pm2', '–global' ]
2 info using npm@3.5.2
3 info using node@v8.10.0
4 silly loadCurrentTree Starting
5 silly install loadCurrentTree
6 silly install readLocalPackageData
7 silly fetchPackageMetaData pm2
8 silly fetchPackageMetaData –global
9 silly fetchNamedPackageData pm2
10 silly mapToRegistry name pm2
11 silly mapToRegistry using default registry
12 silly mapToRegistry registry https://registry.npmjs.org/
13 silly mapToRegistry uri https://registry.npmjs.org/pm2
14 silly fetchOtherPackageData –global
15 silly cache add args [ '–global', null ]
16 verbose cache add spec –global
17 verbose request uri https://registry.npmjs.org/pm2
18 verbose request no auth needed
19 info attempt registry request try #1 at 2:38:51 PM
20 verbose request id af4c982b21522408
21 http request GET https://registry.npmjs.org/pm2
22 silly cache add parsed spec Result {
22 silly cache add   raw: '–global',
22 silly cache add   scope: null,
22 silly cache add   name: null,
22 silly cache add   rawSpec: '–global',
22 silly cache add   spec: '/home/ubuntu/SoilWeb/packages/backend/src/–global',
22 silly cache add   type: 'local' }
23 verbose stack TypeError: The header content contains invalid characters
23 verbose stack     at validateHeader (_http_outgoing.js:494:11)
23 verbose stack     at ClientRequest.setHeader (_http_outgoing.js:498:3)
23 verbose stack     at new ClientRequest (_http_client.js:173:14)
23 verbose stack     at Object.request (http.js:38:10)
23 verbose stack     at Object.request (https.js:239:15)
23 verbose stack     at Request.start (/usr/share/npm/node_modules/request/request.js:793:30)
23 verbose stack     at Request.end (/usr/share/npm/node_modules/request/request.js:1400:10)
23 verbose stack     at end (/usr/share/npm/node_modules/request/request.js:564:14)
23 verbose stack     at Immediate._onImmediate (/usr/share/npm/node_modules/request/request.js:578:7)
23 verbose stack     at runCallback (timers.js:794:20)
24 verbose cwd /home/ubuntu/SoilWeb/packages/backend/src
25 error Linux 5.4.0-1060-aws
26 error argv "/usr/bin/node" "/usr/bin/npm" "install" "pm2" "–global"
27 error node v8.10.0
28 error npm  v3.5.2
29 error The header content contains invalid characters
30 error If you need help, you may report this error at:
30 error     <https://github.com/npm/npm/issues>
31 verbose exit [ 1, true ]
